E:\Workarea\WCFandWVC\MixwellSoftware\MixwellAngular\Angular\dist\out-tsc\e2e\app.e2e-spec.js
E:\Workarea\WCFandWVC\MixwellSoftware\MixwellAngular\Angular\dist\out-tsc\e2e\app.e2e-spec.js.map
E:\Workarea\WCFandWVC\MixwellSoftware\MixwellAngular\Angular\dist\out-tsc\e2e\app.po.js
E:\Workarea\WCFandWVC\MixwellSoftware\MixwellAngular\Angular\dist\out-tsc\e2e\app.po.js.map
E:\Workarea\WCFandWVC\MixwellSoftware\MixwellAngular\Angular\dist\out-tsc\src\app\in-memory-data.service.js
E:\Workarea\WCFandWVC\MixwellSoftware\MixwellAngular\Angular\dist\out-tsc\src\app\in-memory-data.service.js.map
E:\Workarea\WCFandWVC\MixwellSoftware\MixwellAngular\Angular\dist\out-tsc\src\app\employee.js
E:\Workarea\WCFandWVC\MixwellSoftware\MixwellAngular\Angular\dist\out-tsc\src\app\employee.js.map
E:\Workarea\WCFandWVC\MixwellSoftware\MixwellAngular\Angular\dist\out-tsc\src\app\message.service.js
E:\Workarea\WCFandWVC\MixwellSoftware\MixwellAngular\Angular\dist\out-tsc\src\app\message.service.js.map
E:\Workarea\WCFandWVC\MixwellSoftware\MixwellAngular\Angular\dist\out-tsc\src\app\service.js
E:\Workarea\WCFandWVC\MixwellSoftware\MixwellAngular\Angular\dist\out-tsc\src\app\service.js.map
E:\Workarea\WCFandWVC\MixwellSoftware\MixwellAngular\Angular\dist\out-tsc\src\app\mock-services.js
E:\Workarea\WCFandWVC\MixwellSoftware\MixwellAngular\Angular\dist\out-tsc\src\app\mock-services.js.map
E:\Workarea\WCFandWVC\MixwellSoftware\MixwellAngular\Angular\dist\out-tsc\src\app\data.service.js
E:\Workarea\WCFandWVC\MixwellSoftware\MixwellAngular\Angular\dist\out-tsc\src\app\data.service.js.map
E:\Workarea\WCFandWVC\MixwellSoftware\MixwellAngular\Angular\dist\out-tsc\src\app\dashboard\dashboard.component.js
E:\Workarea\WCFandWVC\MixwellSoftware\MixwellAngular\Angular\dist\out-tsc\src\app\dashboard\dashboard.component.js.map
E:\Workarea\WCFandWVC\MixwellSoftware\MixwellAngular\Angular\dist\out-tsc\src\app\employees\employees.component.js
E:\Workarea\WCFandWVC\MixwellSoftware\MixwellAngular\Angular\dist\out-tsc\src\app\employees\employees.component.js.map
E:\Workarea\WCFandWVC\MixwellSoftware\MixwellAngular\Angular\dist\out-tsc\src\app\employee-detail\employee-detail.component.js
E:\Workarea\WCFandWVC\MixwellSoftware\MixwellAngular\Angular\dist\out-tsc\src\app\employee-detail\employee-detail.component.js.map
E:\Workarea\WCFandWVC\MixwellSoftware\MixwellAngular\Angular\dist\out-tsc\src\app\services\services.component.js
E:\Workarea\WCFandWVC\MixwellSoftware\MixwellAngular\Angular\dist\out-tsc\src\app\services\services.component.js.map
E:\Workarea\WCFandWVC\MixwellSoftware\MixwellAngular\Angular\dist\out-tsc\src\app\service-detail\service-detail.component.js
E:\Workarea\WCFandWVC\MixwellSoftware\MixwellAngular\Angular\dist\out-tsc\src\app\service-detail\service-detail.component.js.map
E:\Workarea\WCFandWVC\MixwellSoftware\MixwellAngular\Angular\dist\out-tsc\src\app\app-routing.module.js
E:\Workarea\WCFandWVC\MixwellSoftware\MixwellAngular\Angular\dist\out-tsc\src\app\app-routing.module.js.map
E:\Workarea\WCFandWVC\MixwellSoftware\MixwellAngular\Angular\dist\out-tsc\src\app\app.component.js
E:\Workarea\WCFandWVC\MixwellSoftware\MixwellAngular\Angular\dist\out-tsc\src\app\app.component.js.map
E:\Workarea\WCFandWVC\MixwellSoftware\MixwellAngular\Angular\dist\out-tsc\src\app\employee-search\employee-search.component.js
E:\Workarea\WCFandWVC\MixwellSoftware\MixwellAngular\Angular\dist\out-tsc\src\app\employee-search\employee-search.component.js.map
E:\Workarea\WCFandWVC\MixwellSoftware\MixwellAngular\Angular\dist\out-tsc\src\app\messages\messages.component.js
E:\Workarea\WCFandWVC\MixwellSoftware\MixwellAngular\Angular\dist\out-tsc\src\app\messages\messages.component.js.map
E:\Workarea\WCFandWVC\MixwellSoftware\MixwellAngular\Angular\dist\out-tsc\src\app\app.module.js
E:\Workarea\WCFandWVC\MixwellSoftware\MixwellAngular\Angular\dist\out-tsc\src\app\app.module.js.map
E:\Workarea\WCFandWVC\MixwellSoftware\MixwellAngular\Angular\dist\out-tsc\src\environments\environment.js
E:\Workarea\WCFandWVC\MixwellSoftware\MixwellAngular\Angular\dist\out-tsc\src\environments\environment.js.map
E:\Workarea\WCFandWVC\MixwellSoftware\MixwellAngular\Angular\dist\out-tsc\src\main.js
E:\Workarea\WCFandWVC\MixwellSoftware\MixwellAngular\Angular\dist\out-tsc\src\main.js.map
E:\Workarea\WCFandWVC\MixwellSoftware\MixwellAngular\Angular\dist\out-tsc\src\polyfills.js
E:\Workarea\WCFandWVC\MixwellSoftware\MixwellAngular\Angular\dist\out-tsc\src\polyfills.js.map
E:\Workarea\WCFandWVC\MixwellSoftware\MixwellAngular\Angular\dist\out-tsc\src\test.js
E:\Workarea\WCFandWVC\MixwellSoftware\MixwellAngular\Angular\dist\out-tsc\src\test.js.map
E:\Workarea\WCFandWVC\MixwellSoftware\MixwellAngular\Angular\dist\out-tsc\src\app\message.service.spec.js
E:\Workarea\WCFandWVC\MixwellSoftware\MixwellAngular\Angular\dist\out-tsc\src\app\message.service.spec.js.map
E:\Workarea\WCFandWVC\MixwellSoftware\MixwellAngular\Angular\dist\out-tsc\src\app\mock-employees.js
E:\Workarea\WCFandWVC\MixwellSoftware\MixwellAngular\Angular\dist\out-tsc\src\app\mock-employees.js.map
E:\Workarea\WCFandWVC\MixwellSoftware\MixwellAngular\Angular\dist\out-tsc\src\environments\environment.prod.js
E:\Workarea\WCFandWVC\MixwellSoftware\MixwellAngular\Angular\dist\out-tsc\src\environments\environment.prod.js.map
E:\Workarea\WCFandWVC\MixwellSoftware\MixwellAngular\Angular\dist\out-tsc\src\app\dashboard\dashboard.component.spec.js
E:\Workarea\WCFandWVC\MixwellSoftware\MixwellAngular\Angular\dist\out-tsc\src\app\dashboard\dashboard.component.spec.js.map
E:\Workarea\WCFandWVC\MixwellSoftware\MixwellAngular\Angular\dist\out-tsc\src\app\employee-search\employee-search.component.spec.js
E:\Workarea\WCFandWVC\MixwellSoftware\MixwellAngular\Angular\dist\out-tsc\src\app\employee-search\employee-search.component.spec.js.map
E:\Workarea\WCFandWVC\MixwellSoftware\MixwellAngular\Angular\dist\out-tsc\src\app\employees\employees.component.spec.js
E:\Workarea\WCFandWVC\MixwellSoftware\MixwellAngular\Angular\dist\out-tsc\src\app\employees\employees.component.spec.js.map
E:\Workarea\WCFandWVC\MixwellSoftware\MixwellAngular\Angular\dist\out-tsc\src\app\messages\messages.component.spec.js
E:\Workarea\WCFandWVC\MixwellSoftware\MixwellAngular\Angular\dist\out-tsc\src\app\messages\messages.component.spec.js.map
E:\Workarea\WCFandWVC\MixwellSoftware\MixwellAngular\Angular\dist\out-tsc\src\app\services\services.component.spec.js
E:\Workarea\WCFandWVC\MixwellSoftware\MixwellAngular\Angular\dist\out-tsc\src\app\services\services.component.spec.js.map
